\BOOKMARK [0][]{CAPA.0}{CAPA}{}% 1
\BOOKMARK [0][]{VERSO.0}{VERSO}{}% 2
\BOOKMARK [0][]{FOLHA DE ROSTO.0}{FOLHA DE ROSTO}{}% 3
\BOOKMARK [0][]{nomefichac.0}{FICHA CATALOGR\301FICA}{}% 4
\BOOKMARK [0][]{aprovacao.0}{FOLHA DE APROVA\307\303O}{}% 5
\BOOKMARK [0][]{nomeresumo.0}{RESUMO}{}% 6
\BOOKMARK [0][]{nomeabstract.0}{ABSTRACT}{}% 7
\BOOKMARK [0][]{listfigurename.0}{LISTA DE FIGURAS}{}% 8
\BOOKMARK [0][]{contentsname.0}{SUM\301RIO}{}% 9
\BOOKMARK [0][]{chapter.1}{1 INTRODU\307\303O}{}% 10
\BOOKMARK [0][]{chapter.2}{2 REVIS\303O BIBLIOGR\301FICA}{}% 11
\BOOKMARK [1][]{section.2.1}{2.1 Sistemas de Monitoramento de Desmatamento}{chapter.2}% 12
\BOOKMARK [2][]{subsection.2.1.1}{2.1.1 PRODES}{section.2.1}% 13
\BOOKMARK [2][]{subsection.2.1.2}{2.1.2 DETER}{section.2.1}% 14
\BOOKMARK [1][]{section.2.2}{2.2 Ci\352ncia Cidad\343}{chapter.2}% 15
\BOOKMARK [2][]{subsection.2.2.1}{2.2.1 Defini\347\343o}{section.2.2}% 16
\BOOKMARK [2][]{subsection.2.2.2}{2.2.2 Hist\363rico}{section.2.2}% 17
\BOOKMARK [2][]{subsection.2.2.3}{2.2.3 Avan\347os na Ci\352ncia}{section.2.2}% 18
\BOOKMARK [2][]{subsection.2.2.4}{2.2.4 Suas Formas}{section.2.2}% 19
\BOOKMARK [3][]{subsubsection.2.2.4.1}{2.2.4.1 Exemplo de Projetos}{subsection.2.2.4}% 20
\BOOKMARK [1][]{section.2.3}{2.3 ForestWatchers}{chapter.2}% 21
\BOOKMARK [2][]{subsection.2.3.1}{2.3.1 Proposta}{section.2.3}% 22
\BOOKMARK [2][]{subsection.2.3.2}{2.3.2 Metodologia}{section.2.3}% 23
\BOOKMARK [2][]{subsection.2.3.3}{2.3.3 Resultados}{section.2.3}% 24
\BOOKMARK [1][]{section.2.4}{2.4 Desenvolvimento de Aplicativos M\363veis}{chapter.2}% 25
\BOOKMARK [2][]{subsection.2.4.1}{2.4.1 Surgimento}{section.2.4}% 26
\BOOKMARK [2][]{subsection.2.4.2}{2.4.2 Aplicativos Nativos}{section.2.4}% 27
\BOOKMARK [2][]{subsection.2.4.3}{2.4.3 Aplicativos }{section.2.4}% 28
\BOOKMARK [2][]{subsection.2.4.4}{2.4.4 Divis\343o de Mercado}{section.2.4}% 29
\BOOKMARK [0][]{chapter.3}{3 METODOLOGIA}{}% 30
\BOOKMARK [1][]{section.3.1}{3.1 Desenvolvimento do Aplicativo}{chapter.3}% 31
\BOOKMARK [1][]{section.3.2}{3.2 Capta\347\343o dos Dados}{chapter.3}% 32
\BOOKMARK [0][]{chapter.4}{4 RESULTADOS E DISCUSS\325ES}{}% 33
\BOOKMARK [0][]{chapter.5}{REFER\312NCIAS BIBLIOGR\301FICAS}{}% 34
